<?xml version="1.0" encoding="UTF-8"?>
<!-- Generated by org.testng.reporters.JUnitReportReporter -->
<testsuite name="com.orimeton.TestNg" tests="3" time="0.011" ignored="0" failures="0" timestamp="05 十一月 2019 07:37:49 GMT" skipped="0" hostname="LAPTOP-MO03BR8U" errors="0">
  <testcase name="name4" time="0.008" classname="com.orimeton.TestNg"/>
  <testcase name="name2" time="0.001" classname="com.orimeton.TestNg"/>
  <testcase name="name" time="0.002" classname="com.orimeton.TestNg"/>
</testsuite> <!-- com.orimeton.TestNg -->
